This file contains any messages produced by compilers while
running configure, to aid debugging if configure makes a mistake.

It was created by CaculliTyranowski configure 1.0, which was
generated by GNU Autoconf 2.69.  Invocation command line was

  $ ../configure 

## --------- ##
## Platform. ##
## --------- ##

hostname = voidvm
uname -m = x86_64
uname -r = 5.8.18_1
uname -s = Linux
uname -v = #1 SMP Sun Nov 1 14:25:13 UTC 2020

/usr/bin/uname -p = unknown
/bin/uname -X     = unknown

/bin/arch              = x86_64
/usr/bin/arch -k       = unknown
/usr/convex/getsysinfo = unknown
/usr/bin/hostinfo      = unknown
/bin/machine           = unknown
/usr/bin/oslevel       = unknown
/bin/universe          = unknown

PATH: /home/gzc/perl5/bin
PATH: /home/gzc/perl5/bin
PATH: /usr/local/bin
PATH: /bin
PATH: /usr/bin
PATH: /usr/local/sbin
PATH: /usr/sbin
PATH: /sbin
PATH: /usr/share/apache-ant/bin
PATH: /opt/metasploit-framework/bin
PATH: /opt/metasploit-framework/bin
PATH: /opt/metasploit-framework/bin
PATH: /opt/metasploit-framework/bin


## ----------- ##
## Core tests. ##
## ----------- ##

configure:2079: checking for a BSD-compatible install
configure:2147: result: /bin/install -c
configure:2158: checking whether build environment is sane
configure:2213: result: yes
configure:2364: checking for a thread-safe mkdir -p
configure:2403: result: /bin/mkdir -p
configure:2410: checking for gawk
configure:2426: found /bin/gawk
configure:2437: result: gawk
configure:2448: checking whether make sets $(MAKE)
configure:2470: result: yes
configure:2499: checking whether make supports nested variables
configure:2516: result: yes
configure:2647: checking whether make supports the include directive
configure:2662: make -f confmf.GNU && cat confinc.out
this is the am__doit target
configure:2665: $? = 0
configure:2684: result: yes (GNU style)
configure:2754: checking for gcc
configure:2770: found /bin/gcc
configure:2781: result: gcc
configure:3010: checking for C compiler version
configure:3019: gcc --version >&5
gcc (GCC) 9.3.0
Copyright (C) 2019 Free Software Foundation, Inc.
This is free software; see the source for copying conditions.  There is NO
warranty; not even for MERCHANTABILITY or FITNESS FOR A PARTICULAR PURPOSE.

configure:3030: $? = 0
configure:3019: gcc -v >&5
Reading specs from /usr/lib/gcc/x86_64-unknown-linux-gnu/9.3.0/specs
COLLECT_GCC=gcc
COLLECT_LTO_WRAPPER=/usr/lib/gcc/x86_64-unknown-linux-gnu/9.3.0/lto-wrapper
Target: x86_64-unknown-linux-gnu
Configured with: /builddir/gcc-9.3.0/configure --build=x86_64-unknown-linux-gnu --enable-fast-character --enable-vtable-verify --prefix=/usr --mandir=/usr/share/man --infodir=/usr/share/info --libexecdir=/usr/lib --libdir=/usr/lib --enable-threads=posix --enable-__cxa_atexit --disable-multilib --with-system-zlib --enable-shared --enable-lto --enable-plugins --enable-linker-build-id --disable-werror --disable-nls --enable-default-pie --enable-default-ssp --enable-checking=release --disable-libstdcxx-pch --with-isl --with-linker-hash-style=gnu --disable-libunwind-exceptions --disable-target-libiberty --enable-serial-configure --enable-languages=c,c++,objc,obj-c++,fortran,lto,go,ada
Thread model: posix
gcc version 9.3.0 (GCC) 
configure:3030: $? = 0
configure:3019: gcc -V >&5
gcc: error: unrecognized command line option '-V'
gcc: fatal error: no input files
compilation terminated.
configure:3030: $? = 1
configure:3019: gcc -qversion >&5
gcc: error: unrecognized command line option '-qversion'; did you mean '--version'?
gcc: fatal error: no input files
compilation terminated.
configure:3030: $? = 1
configure:3050: checking whether the C compiler works
configure:3072: gcc    conftest.c  >&5
configure:3076: $? = 0
configure:3124: result: yes
configure:3127: checking for C compiler default output file name
configure:3129: result: a.out
configure:3135: checking for suffix of executables
configure:3142: gcc -o conftest    conftest.c  >&5
configure:3146: $? = 0
configure:3168: result: 
configure:3190: checking whether we are cross compiling
configure:3198: gcc -o conftest    conftest.c  >&5
configure:3202: $? = 0
configure:3209: ./conftest
configure:3213: $? = 0
configure:3228: result: no
configure:3233: checking for suffix of object files
configure:3255: gcc -c   conftest.c >&5
configure:3259: $? = 0
configure:3280: result: o
configure:3284: checking whether we are using the GNU C compiler
configure:3303: gcc -c   conftest.c >&5
configure:3303: $? = 0
configure:3312: result: yes
configure:3321: checking whether gcc accepts -g
configure:3341: gcc -c -g  conftest.c >&5
configure:3341: $? = 0
configure:3382: result: yes
configure:3399: checking for gcc option to accept ISO C89
configure:3462: gcc  -c -g -O2  conftest.c >&5
configure:3462: $? = 0
configure:3475: result: none needed
configure:3500: checking whether gcc understands -c and -o together
configure:3522: gcc -c conftest.c -o conftest2.o
configure:3525: $? = 0
configure:3522: gcc -c conftest.c -o conftest2.o
configure:3525: $? = 0
configure:3537: result: yes
configure:3556: checking dependency style of gcc
configure:3667: result: gcc3
configure:3688: checking how to run the C preprocessor
configure:3719: gcc -E  conftest.c
configure:3719: $? = 0
configure:3733: gcc -E  conftest.c
conftest.c:11:10: fatal error: ac_nonexistent.h: No such file or directory
   11 | #include <ac_nonexistent.h>
      |          ^~~~~~~~~~~~~~~~~~
compilation terminated.
configure:3733: $? = 1
configure: failed program was:
| /* confdefs.h */
| #define PACKAGE_NAME "CaculliTyranowski"
| #define PACKAGE_TARNAME "https://connected.helha.be/course/view.php?id=26918"
| #define PACKAGE_VERSION "1.0"
| #define PACKAGE_STRING "CaculliTyranowski 1.0"
| #define PACKAGE_BUGREPORT "la196672@student.helha.be"
| #define PACKAGE_URL ""
| #define PACKAGE "https://connected.helha.be/course/view.php?id=26918"
| #define VERSION "1.0"
| /* end confdefs.h.  */
| #include <ac_nonexistent.h>
configure:3758: result: gcc -E
configure:3778: gcc -E  conftest.c
configure:3778: $? = 0
configure:3792: gcc -E  conftest.c
conftest.c:11:10: fatal error: ac_nonexistent.h: No such file or directory
   11 | #include <ac_nonexistent.h>
      |          ^~~~~~~~~~~~~~~~~~
compilation terminated.
configure:3792: $? = 1
configure: failed program was:
| /* confdefs.h */
| #define PACKAGE_NAME "CaculliTyranowski"
| #define PACKAGE_TARNAME "https://connected.helha.be/course/view.php?id=26918"
| #define PACKAGE_VERSION "1.0"
| #define PACKAGE_STRING "CaculliTyranowski 1.0"
| #define PACKAGE_BUGREPORT "la196672@student.helha.be"
| #define PACKAGE_URL ""
| #define PACKAGE "https://connected.helha.be/course/view.php?id=26918"
| #define VERSION "1.0"
| /* end confdefs.h.  */
| #include <ac_nonexistent.h>
configure:3821: checking for grep that handles long lines and -e
configure:3879: result: /bin/grep
configure:3884: checking for egrep
configure:3946: result: /bin/grep -E
configure:3951: checking for ANSI C header files
configure:3971: gcc -c -g -O2  conftest.c >&5
configure:3971: $? = 0
configure:4044: gcc -o conftest -g -O2   conftest.c  >&5
configure:4044: $? = 0
configure:4044: ./conftest
configure:4044: $? = 0
configure:4055: result: yes
configure:4068: checking for sys/types.h
configure:4068: gcc -c -g -O2  conftest.c >&5
configure:4068: $? = 0
configure:4068: result: yes
configure:4068: checking for sys/stat.h
configure:4068: gcc -c -g -O2  conftest.c >&5
configure:4068: $? = 0
configure:4068: result: yes
configure:4068: checking for stdlib.h
configure:4068: gcc -c -g -O2  conftest.c >&5
configure:4068: $? = 0
configure:4068: result: yes
configure:4068: checking for string.h
configure:4068: gcc -c -g -O2  conftest.c >&5
configure:4068: $? = 0
configure:4068: result: yes
configure:4068: checking for memory.h
configure:4068: gcc -c -g -O2  conftest.c >&5
configure:4068: $? = 0
configure:4068: result: yes
configure:4068: checking for strings.h
configure:4068: gcc -c -g -O2  conftest.c >&5
configure:4068: $? = 0
configure:4068: result: yes
configure:4068: checking for inttypes.h
configure:4068: gcc -c -g -O2  conftest.c >&5
configure:4068: $? = 0
configure:4068: result: yes
configure:4068: checking for stdint.h
configure:4068: gcc -c -g -O2  conftest.c >&5
configure:4068: $? = 0
configure:4068: result: yes
configure:4068: checking for unistd.h
configure:4068: gcc -c -g -O2  conftest.c >&5
configure:4068: $? = 0
configure:4068: result: yes
configure:4081: checking minix/config.h usability
configure:4081: gcc -c -g -O2  conftest.c >&5
conftest.c:54:10: fatal error: minix/config.h: No such file or directory
   54 | #include <minix/config.h>
      |          ^~~~~~~~~~~~~~~~
compilation terminated.
configure:4081: $? = 1
configure: failed program was:
| /* confdefs.h */
| #define PACKAGE_NAME "CaculliTyranowski"
| #define PACKAGE_TARNAME "https://connected.helha.be/course/view.php?id=26918"
| #define PACKAGE_VERSION "1.0"
| #define PACKAGE_STRING "CaculliTyranowski 1.0"
| #define PACKAGE_BUGREPORT "la196672@student.helha.be"
| #define PACKAGE_URL ""
| #define PACKAGE "https://connected.helha.be/course/view.php?id=26918"
| #define VERSION "1.0"
| #define STDC_HEADERS 1
| #define HAVE_SYS_TYPES_H 1
| #define HAVE_SYS_STAT_H 1
| #define HAVE_STDLIB_H 1
| #define HAVE_STRING_H 1
| #define HAVE_MEMORY_H 1
| #define HAVE_STRINGS_H 1
| #define HAVE_INTTYPES_H 1
| #define HAVE_STDINT_H 1
| #define HAVE_UNISTD_H 1
| /* end confdefs.h.  */
| #include <stdio.h>
| #ifdef HAVE_SYS_TYPES_H
| # include <sys/types.h>
| #endif
| #ifdef HAVE_SYS_STAT_H
| # include <sys/stat.h>
| #endif
| #ifdef STDC_HEADERS
| # include <stdlib.h>
| # include <stddef.h>
| #else
| # ifdef HAVE_STDLIB_H
| #  include <stdlib.h>
| # endif
| #endif
| #ifdef HAVE_STRING_H
| # if !defined STDC_HEADERS && defined HAVE_MEMORY_H
| #  include <memory.h>
| # endif
| # include <string.h>
| #endif
| #ifdef HAVE_STRINGS_H
| # include <strings.h>
| #endif
| #ifdef HAVE_INTTYPES_H
| # include <inttypes.h>
| #endif
| #ifdef HAVE_STDINT_H
| # include <stdint.h>
| #endif
| #ifdef HAVE_UNISTD_H
| # include <unistd.h>
| #endif
| #include <minix/config.h>
configure:4081: result: no
configure:4081: checking minix/config.h presence
configure:4081: gcc -E  conftest.c
conftest.c:21:10: fatal error: minix/config.h: No such file or directory
   21 | #include <minix/config.h>
      |          ^~~~~~~~~~~~~~~~
compilation terminated.
configure:4081: $? = 1
configure: failed program was:
| /* confdefs.h */
| #define PACKAGE_NAME "CaculliTyranowski"
| #define PACKAGE_TARNAME "https://connected.helha.be/course/view.php?id=26918"
| #define PACKAGE_VERSION "1.0"
| #define PACKAGE_STRING "CaculliTyranowski 1.0"
| #define PACKAGE_BUGREPORT "la196672@student.helha.be"
| #define PACKAGE_URL ""
| #define PACKAGE "https://connected.helha.be/course/view.php?id=26918"
| #define VERSION "1.0"
| #define STDC_HEADERS 1
| #define HAVE_SYS_TYPES_H 1
| #define HAVE_SYS_STAT_H 1
| #define HAVE_STDLIB_H 1
| #define HAVE_STRING_H 1
| #define HAVE_MEMORY_H 1
| #define HAVE_STRINGS_H 1
| #define HAVE_INTTYPES_H 1
| #define HAVE_STDINT_H 1
| #define HAVE_UNISTD_H 1
| /* end confdefs.h.  */
| #include <minix/config.h>
configure:4081: result: no
configure:4081: checking for minix/config.h
configure:4081: result: no
configure:4102: checking whether it is safe to define __EXTENSIONS__
configure:4120: gcc -c -g -O2  conftest.c >&5
configure:4120: $? = 0
configure:4127: result: yes
configure:4254: checking for C compiler version
configure:4263: gcc --version >&5
gcc (GCC) 9.3.0
Copyright (C) 2019 Free Software Foundation, Inc.
This is free software; see the source for copying conditions.  There is NO
warranty; not even for MERCHANTABILITY or FITNESS FOR A PARTICULAR PURPOSE.

configure:4274: $? = 0
configure:4263: gcc -v >&5
Reading specs from /usr/lib/gcc/x86_64-unknown-linux-gnu/9.3.0/specs
COLLECT_GCC=gcc
COLLECT_LTO_WRAPPER=/usr/lib/gcc/x86_64-unknown-linux-gnu/9.3.0/lto-wrapper
Target: x86_64-unknown-linux-gnu
Configured with: /builddir/gcc-9.3.0/configure --build=x86_64-unknown-linux-gnu --enable-fast-character --enable-vtable-verify --prefix=/usr --mandir=/usr/share/man --infodir=/usr/share/info --libexecdir=/usr/lib --libdir=/usr/lib --enable-threads=posix --enable-__cxa_atexit --disable-multilib --with-system-zlib --enable-shared --enable-lto --enable-plugins --enable-linker-build-id --disable-werror --disable-nls --enable-default-pie --enable-default-ssp --enable-checking=release --disable-libstdcxx-pch --with-isl --with-linker-hash-style=gnu --disable-libunwind-exceptions --disable-target-libiberty --enable-serial-configure --enable-languages=c,c++,objc,obj-c++,fortran,lto,go,ada
Thread model: posix
gcc version 9.3.0 (GCC) 
configure:4274: $? = 0
configure:4263: gcc -V >&5
gcc: error: unrecognized command line option '-V'
gcc: fatal error: no input files
compilation terminated.
configure:4274: $? = 1
configure:4263: gcc -qversion >&5
gcc: error: unrecognized command line option '-qversion'; did you mean '--version'?
gcc: fatal error: no input files
compilation terminated.
configure:4274: $? = 1
configure:4278: checking whether we are using the GNU C compiler
configure:4306: result: yes
configure:4315: checking whether gcc accepts -g
configure:4376: result: yes
configure:4393: checking for gcc option to accept ISO C89
configure:4469: result: none needed
configure:4494: checking whether gcc understands -c and -o together
configure:4531: result: yes
configure:4550: checking dependency style of gcc
configure:4661: result: gcc3
configure:4720: checking for ranlib
configure:4736: found /bin/ranlib
configure:4747: result: ranlib
configure:4819: checking for ar
configure:4835: found /bin/ar
configure:4846: result: ar
configure:4872: checking the archiver (ar) interface
configure:4888: gcc -c -g -O2  conftest.c >&5
configure:4888: $? = 0
configure:4890: ar cru libconftest.a conftest.o >&5
ar: `u' modifier ignored since `D' is the default (see `U')
configure:4893: $? = 0
configure:4921: result: ar
configure:5060: checking that generated files are newer than configure
configure:5066: result: done
configure:5093: creating ./config.status

## ---------------------- ##
## Running config.status. ##
## ---------------------- ##

This file was extended by CaculliTyranowski config.status 1.0, which was
generated by GNU Autoconf 2.69.  Invocation command line was

  CONFIG_FILES    = 
  CONFIG_HEADERS  = 
  CONFIG_LINKS    = 
  CONFIG_COMMANDS = 
  $ ./config.status 

on voidvm

config.status:869: creating Makefile
config.status:869: creating src/Makefile
config.status:869: creating config.h
config.status:1095: linking ../data/formation.dat to formation.dat
config.status:1095: linking ../data/personne.dat to personne.dat
config.status:1095: linking ../data/ville.dat to ville.dat
config.status:1114: executing depfiles commands
config.status:1189: cd .       && sed -e '/# am--include-marker/d' Makefile         | make -f - am--depfiles
config.status:1196: $? = 0

## ---------------- ##
## Cache variables. ##
## ---------------- ##

ac_cv_c_compiler_gnu='yes'
ac_cv_env_CC_set=''
ac_cv_env_CC_value=''
ac_cv_env_CFLAGS_set=''
ac_cv_env_CFLAGS_value=''
ac_cv_env_CPPFLAGS_set=''
ac_cv_env_CPPFLAGS_value=''
ac_cv_env_CPP_set=''
ac_cv_env_CPP_value=''
ac_cv_env_LDFLAGS_set=''
ac_cv_env_LDFLAGS_value=''
ac_cv_env_LIBS_set=''
ac_cv_env_LIBS_value=''
ac_cv_env_build_alias_set=''
ac_cv_env_build_alias_value=''
ac_cv_env_host_alias_set=''
ac_cv_env_host_alias_value=''
ac_cv_env_target_alias_set=''
ac_cv_env_target_alias_value=''
ac_cv_header_inttypes_h='yes'
ac_cv_header_memory_h='yes'
ac_cv_header_minix_config_h='no'
ac_cv_header_stdc='yes'
ac_cv_header_stdint_h='yes'
ac_cv_header_stdlib_h='yes'
ac_cv_header_string_h='yes'
ac_cv_header_strings_h='yes'
ac_cv_header_sys_stat_h='yes'
ac_cv_header_sys_types_h='yes'
ac_cv_header_unistd_h='yes'
ac_cv_objext='o'
ac_cv_path_EGREP='/bin/grep -E'
ac_cv_path_GREP='/bin/grep'
ac_cv_path_install='/bin/install -c'
ac_cv_path_mkdir='/bin/mkdir'
ac_cv_prog_AWK='gawk'
ac_cv_prog_CPP='gcc -E'
ac_cv_prog_ac_ct_AR='ar'
ac_cv_prog_ac_ct_CC='gcc'
ac_cv_prog_ac_ct_RANLIB='ranlib'
ac_cv_prog_cc_c89=''
ac_cv_prog_cc_g='yes'
ac_cv_prog_make_make_set='yes'
ac_cv_safe_to_define___extensions__='yes'
am_cv_CC_dependencies_compiler_type='gcc3'
am_cv_ar_interface='ar'
am_cv_make_support_nested_variables='yes'
am_cv_prog_cc_c_o='yes'

## ----------------- ##
## Output variables. ##
## ----------------- ##

ACLOCAL='${SHELL} /mnt/sd1/UNI/Projets/B2-C/missing aclocal-1.16'
AMDEPBACKSLASH='\'
AMDEP_FALSE='#'
AMDEP_TRUE=''
AMTAR='$${TAR-tar}'
AM_BACKSLASH='\'
AM_DEFAULT_V='$(AM_DEFAULT_VERBOSITY)'
AM_DEFAULT_VERBOSITY='1'
AM_V='$(V)'
AR='ar'
AUTOCONF='${SHELL} /mnt/sd1/UNI/Projets/B2-C/missing autoconf'
AUTOHEADER='${SHELL} /mnt/sd1/UNI/Projets/B2-C/missing autoheader'
AUTOMAKE='${SHELL} /mnt/sd1/UNI/Projets/B2-C/missing automake-1.16'
AWK='gawk'
CC='gcc'
CCDEPMODE='depmode=gcc3'
CFLAGS='-g -O2'
CPP='gcc -E'
CPPFLAGS=''
CYGPATH_W='echo'
DEFS='-DHAVE_CONFIG_H'
DEPDIR='.deps'
ECHO_C=''
ECHO_N='-n'
ECHO_T=''
EGREP='/bin/grep -E'
EXEEXT=''
GREP='/bin/grep'
INSTALL_DATA='${INSTALL} -m 644'
INSTALL_PROGRAM='${INSTALL}'
INSTALL_SCRIPT='${INSTALL}'
INSTALL_STRIP_PROGRAM='$(install_sh) -c -s'
LDFLAGS=''
LIBOBJS=''
LIBS=''
LTLIBOBJS=''
MAKEINFO='${SHELL} /mnt/sd1/UNI/Projets/B2-C/missing makeinfo'
MKDIR_P='/bin/mkdir -p'
OBJEXT='o'
PACKAGE='https://connected.helha.be/course/view.php?id=26918'
PACKAGE_BUGREPORT='la196672@student.helha.be'
PACKAGE_NAME='CaculliTyranowski'
PACKAGE_STRING='CaculliTyranowski 1.0'
PACKAGE_TARNAME='https://connected.helha.be/course/view.php?id=26918'
PACKAGE_URL=''
PACKAGE_VERSION='1.0'
PATH_SEPARATOR=':'
RANLIB='ranlib'
SET_MAKE=''
SHELL='/bin/sh'
STRIP=''
VERSION='1.0'
ac_ct_AR='ar'
ac_ct_CC='gcc'
am__EXEEXT_FALSE=''
am__EXEEXT_TRUE='#'
am__fastdepCC_FALSE='#'
am__fastdepCC_TRUE=''
am__include='include'
am__isrc=' -I$(srcdir)'
am__leading_dot='.'
am__nodep='_no'
am__quote=''
am__tar='$${TAR-tar} chof - "$$tardir"'
am__untar='$${TAR-tar} xf -'
bindir='${exec_prefix}/bin'
build_alias=''
datadir='${datarootdir}'
datarootdir='${prefix}/share'
docdir='${datarootdir}/doc/${PACKAGE_TARNAME}'
dvidir='${docdir}'
exec_prefix='${prefix}'
host_alias=''
htmldir='${docdir}'
includedir='${prefix}/include'
infodir='${datarootdir}/info'
install_sh='${SHELL} /mnt/sd1/UNI/Projets/B2-C/install-sh'
libdir='${exec_prefix}/lib'
libexecdir='${exec_prefix}/libexec'
localedir='${datarootdir}/locale'
localstatedir='${prefix}/var'
mandir='${datarootdir}/man'
mkdir_p='$(MKDIR_P)'
oldincludedir='/usr/include'
pdfdir='${docdir}'
prefix='/usr/local'
program_transform_name='s,x,x,'
psdir='${docdir}'
sbindir='${exec_prefix}/sbin'
sharedstatedir='${prefix}/com'
sysconfdir='${prefix}/etc'
target_alias=''

## ----------- ##
## confdefs.h. ##
## ----------- ##

/* confdefs.h */
#define PACKAGE_NAME "CaculliTyranowski"
#define PACKAGE_TARNAME "https://connected.helha.be/course/view.php?id=26918"
#define PACKAGE_VERSION "1.0"
#define PACKAGE_STRING "CaculliTyranowski 1.0"
#define PACKAGE_BUGREPORT "la196672@student.helha.be"
#define PACKAGE_URL ""
#define PACKAGE "https://connected.helha.be/course/view.php?id=26918"
#define VERSION "1.0"
#define STDC_HEADERS 1
#define HAVE_SYS_TYPES_H 1
#define HAVE_SYS_STAT_H 1
#define HAVE_STDLIB_H 1
#define HAVE_STRING_H 1
#define HAVE_MEMORY_H 1
#define HAVE_STRINGS_H 1
#define HAVE_INTTYPES_H 1
#define HAVE_STDINT_H 1
#define HAVE_UNISTD_H 1
#define __EXTENSIONS__ 1
#define _ALL_SOURCE 1
#define _GNU_SOURCE 1
#define _POSIX_PTHREAD_SEMANTICS 1
#define _TANDEM_SOURCE 1

configure: exit 0
